<?xml version="1.0" encoding="UTF-8"?>
<!-- Generated by org.testng.reporters.JUnitReportReporter -->
<testsuite hostname="chaitanya-PC" name="testngpackage.Class2" tests="4" failures="0" timestamp="30 Dec 2016 07:38:01 GMT" time="0.046" errors="0">
  <testcase name="testcase" time="0.003" classname="testngpackage.Class2"/>
  <testcase name="fundTransfer" time="0.003" classname="testngpackage.Class2"/>
  <testcase name="billpayment" time="0.002" classname="testngpackage.Class2"/>
  <testcase name="accountSummary" time="0.038" classname="testngpackage.Class2"/>
</testsuite> <!-- testngpackage.Class2 -->
