<?xml version="1.0" encoding="UTF-8"?>
<!-- Generated by org.testng.reporters.JUnitReportReporter -->
<testsuite hostname="chaitanya-PC" name="testngpackage.TestA" tests="3" failures="0" timestamp="17 Jan 2017 06:05:53 GMT" time="3.902" errors="0">
  <testcase name="testSampleThree" time="0.002" classname="testngpackage.TestA"/>
  <testcase name="testSampleTwo" time="0.001" classname="testngpackage.TestA"/>
  <testcase name="testPageTitleSampleA" time="3.899" classname="testngpackage.TestA"/>
</testsuite> <!-- testngpackage.TestA -->
