<?xml version="1.0" encoding="UTF-8"?>
<!-- Generated by org.testng.reporters.JUnitReportReporter -->
<testsuite hostname="chaitanya-PC" name="testngpackage.TestB" tests="4" failures="0" timestamp="17 Jan 2017 06:05:53 GMT" time="3.148" errors="0">
  <testcase name="testSampleTwo" time="0.001" classname="testngpackage.TestB"/>
  <testcase name="testPageTitleSampleB" time="3.145" classname="testngpackage.TestB"/>
  <testcase name="testSampleThree" time="0.001" classname="testngpackage.TestB"/>
  <testcase name="testSampleOne" time="0.001" classname="testngpackage.TestB"/>
</testsuite> <!-- testngpackage.TestB -->
