<?xml version="1.0" encoding="UTF-8"?>
<!-- Generated by org.testng.reporters.JUnitReportReporter -->
<testsuite hostname="chaitanya-PC" name="testnglearning.Class2" tests="4" failures="0" timestamp="11 Apr 2017 05:05:05 GMT" time="0.009" errors="0">
  <testcase name="fundTransfer" time="0.003" classname="testnglearning.Class2"/>
  <testcase name="testCase" time="0.002" classname="testnglearning.Class2"/>
  <testcase name="billPayment" time="0.002" classname="testnglearning.Class2"/>
  <testcase name="accountSummary" time="0.002" classname="testnglearning.Class2"/>
</testsuite> <!-- testnglearning.Class2 -->
