<?xml version="1.0" encoding="UTF-8"?>
<!-- Generated by org.testng.reporters.JUnitReportReporter -->
<testsuite hostname="chaitanya-PC" name="testnglearning.TestNGexample" tests="3" failures="0" timestamp="11 Apr 2017 04:21:06 GMT" time="0.044" errors="0">
  <testcase name="testC" time="0.005" classname="testnglearning.TestNGexample"/>
  <testcase name="testB" time="0.002" classname="testnglearning.TestNGexample"/>
  <testcase name="testA" time="0.037" classname="testnglearning.TestNGexample"/>
</testsuite> <!-- testnglearning.TestNGexample -->
