<?xml version="1.0" encoding="UTF-8"?>
<!-- Generated by org.testng.reporters.JUnitReportReporter -->
<testsuite hostname="chaitanya-PC" name="testngpackage.Cmdexe" tests="1" failures="0" timestamp="10 Jan 2017 09:09:31 GMT" time="0.120" errors="0">
  <testcase name="cmdexecution" time="0.120" classname="testngpackage.Cmdexe"/>
</testsuite> <!-- testngpackage.Cmdexe -->
