<?xml version="1.0" encoding="UTF-8"?>
<!-- Generated by org.testng.reporters.JUnitReportReporter -->
<testsuite hostname="chaitanya-PC" name="testngpackage.SeleniumGridTest" tests="1" failures="0" timestamp="16 Jan 2017 14:43:14 GMT" time="11.610" errors="0">
  <testcase name="runFirefox" time="11.610" classname="testngpackage.SeleniumGridTest"/>
</testsuite> <!-- testngpackage.SeleniumGridTest -->
