<?xml version="1.0" encoding="UTF-8"?>
<!-- Generated by org.testng.reporters.JUnitReportReporter -->
<testsuite hostname="chaitanya-PC" name="testnglearning.Class1" tests="4" failures="0" timestamp="11 Apr 2017 05:05:05 GMT" time="0.022" errors="0">
  <testcase name="buyProducts" time="0.004" classname="testnglearning.Class1"/>
  <testcase name="testCase" time="0.003" classname="testnglearning.Class1"/>
  <testcase name="search" time="0.012" classname="testnglearning.Class1"/>
  <testcase name="advancedSearch" time="0.003" classname="testnglearning.Class1"/>
</testsuite> <!-- testnglearning.Class1 -->
